<?xml version="1.0" encoding="UTF-8"?>
<testng-results skipped="0" failed="0" ignored="0" total="1" passed="1">
  <reporter-output>
  </reporter-output>
  <suite name="Default suite" duration-ms="27929" started-at="2019-11-18T19:41:11Z" finished-at="2019-11-18T19:41:39Z">
    <groups>
    </groups>
    <test name="Default test" duration-ms="27929" started-at="2019-11-18T19:41:11Z" finished-at="2019-11-18T19:41:39Z">
      <class name="com.facebook.tests.FB_0001_LogIn_Test">
        <test-method status="PASS" signature="setUp(java.lang.String)[pri:0, instance:com.facebook.tests.FB_0001_LogIn_Test@39c0f4a]" name="setUp" is-config="true" duration-ms="7189" started-at="2019-11-18T20:41:11Z" finished-at="2019-11-18T20:41:18Z">
          <params>
            <param index="0">
              <value>
                <![CDATA[chrome]]>
              </value>
            </param>
          </params>
          <reporter-output>
          </reporter-output>
        </test-method> <!-- setUp -->
        <test-method status="PASS" signature="fb_0001_logIn_test()[pri:0, instance:com.facebook.tests.FB_0001_LogIn_Test@39c0f4a]" name="fb_0001_logIn_test" duration-ms="19871" started-at="2019-11-18T20:41:18Z" finished-at="2019-11-18T20:41:38Z">
          <reporter-output>
          </reporter-output>
        </test-method> <!-- fb_0001_logIn_test -->
        <test-method status="PASS" signature="cleanUp()[pri:0, instance:com.facebook.tests.FB_0001_LogIn_Test@39c0f4a]" name="cleanUp" is-config="true" duration-ms="836" started-at="2019-11-18T20:41:38Z" finished-at="2019-11-18T20:41:39Z">
          <reporter-output>
          </reporter-output>
        </test-method> <!-- cleanUp -->
      </class> <!-- com.facebook.tests.FB_0001_LogIn_Test -->
    </test> <!-- Default test -->
  </suite> <!-- Default suite -->
</testng-results>
